2022-08-27 07:41:54,734 [INFO] =========Start syncing university=========
2022-08-27 07:41:54,932 [INFO] No new university
2022-08-27 07:41:54,969 [INFO] =========End syncing university  =========
2022-08-27 07:41:55,256 [INFO] =========Start creating new course=========
2022-08-27 07:41:55,899 [INFO] No new course
2022-08-27 07:41:55,939 [INFO] =========End creating new course  =========
2022-08-27 07:41:56,204 [INFO] =========Start updating new course=========
2022-08-27 07:41:56,746 [INFO] No course updated
2022-08-27 07:41:56,783 [INFO] =========End updating new course  =========
2022-08-27 07:41:56,996 [INFO] =========Start deleting course=========
2022-08-27 07:41:57,424 [INFO] Course id = 4545 is not in DAAD now, but there're articles related to it. DO NOT DELETE.
2022-08-27 07:41:57,515 [INFO] Course id = 7930 is not in DAAD now, but there're articles related to it. DO NOT DELETE.
2022-08-27 07:41:57,583 [INFO] Course id = 3677 is not in DAAD now, but there're articles related to it. DO NOT DELETE.
2022-08-27 07:41:57,663 [INFO] Course id = 4604 is not in DAAD now, but there're articles related to it. DO NOT DELETE.
2022-08-27 07:41:57,734 [INFO] Course id = 5512 is not in DAAD now, but there're articles related to it. DO NOT DELETE.
2022-08-27 07:41:57,810 [INFO] Course id = 4861 is not in DAAD now, but there're articles related to it. DO NOT DELETE.
2022-08-27 07:41:57,880 [INFO] Course id = 4425 is not in DAAD now, but there're articles related to it. DO NOT DELETE.
2022-08-27 07:41:57,957 [INFO] Course id = 3792 is not in DAAD now, but there're articles related to it. DO NOT DELETE.
2022-08-27 07:41:58,027 [INFO] Course id = 7066 is not in DAAD now, but there're articles related to it. DO NOT DELETE.
2022-08-27 07:41:58,097 [INFO] Course id = 4193 is not in DAAD now, but there're articles related to it. DO NOT DELETE.
2022-08-27 07:41:58,171 [INFO] Course id = 4141 is not in DAAD now, but there're articles related to it. DO NOT DELETE.
2022-08-27 07:41:58,240 [INFO] Course id = 3912 is not in DAAD now, but there're articles related to it. DO NOT DELETE.
2022-08-27 07:41:58,307 [INFO] Course id = 4592 is not in DAAD now, but there're articles related to it. DO NOT DELETE.
2022-08-27 07:41:58,383 [INFO] Course id = 7652 is not in DAAD now, but there're articles related to it. DO NOT DELETE.
2022-08-27 07:41:58,497 [INFO] Course id = 7020 is not in DAAD now, but there're articles related to it. DO NOT DELETE.
2022-08-27 07:41:58,565 [INFO] Course id = 7715 is not in DAAD now, but there're articles related to it. DO NOT DELETE.
2022-08-27 07:41:58,586 [INFO] No course deleted
2022-08-27 07:41:58,620 [INFO] =========End deleting course  =========
